d:\projects\12x12\debug\vc142.pdb
d:\projects\12x12\debug\vc142.idb
d:\projects\12x12\debug\소스.obj
d:\projects\12x12\debug\rectangle.obj
d:\projects\12x12\debug\gamemanager.obj
d:\projects\12x12\debug\boardtype3.obj
d:\projects\12x12\debug\boardtype2.obj
d:\projects\12x12\debug\boardtype1.obj
d:\projects\12x12\debug\boardmanager.obj
d:\projects\12x12\debug\blocktype7.obj
d:\projects\12x12\debug\blocktype6.obj
d:\projects\12x12\debug\blocktype5.obj
d:\projects\12x12\debug\blocktype4.obj
d:\projects\12x12\debug\blocktype3.obj
d:\projects\12x12\debug\blocktype2.obj
d:\projects\12x12\debug\blocktype1.obj
d:\projects\12x12\debug\blockmanager.obj
d:\projects\12x12\debug\block.obj
d:\projects\12x12\debug\api과제12by12.exe
d:\projects\12x12\debug\api과제12by12.ilk
d:\projects\12x12\debug\api과제12by12.pdb
d:\projects\12x12\debug\api과제12by12.res
d:\projects\12x12\debug\blocktype3.obj.enc
d:\projects\12x12\debug\blocktype5.obj.enc
d:\projects\12x12\debug\api과제12by12.tlog\cl.command.1.tlog
d:\projects\12x12\debug\api과제12by12.tlog\cl.read.1.tlog
d:\projects\12x12\debug\api과제12by12.tlog\cl.write.1.tlog
d:\projects\12x12\debug\api과제12by12.tlog\link.command.1.tlog
d:\projects\12x12\debug\api과제12by12.tlog\link.read.1.tlog
d:\projects\12x12\debug\api과제12by12.tlog\link.write.1.tlog
d:\projects\12x12\debug\api과제12by12.tlog\rc.command.1.tlog
d:\projects\12x12\debug\api과제12by12.tlog\rc.read.1.tlog
d:\projects\12x12\debug\api과제12by12.tlog\rc.write.1.tlog
